2021-03-02 09:23:52,938 [BombeRLeWorld] INFO: Initializing game world
2021-03-02 09:23:53,090 [BombeRLeWorld] INFO: STARTING ROUND #1
2021-03-02 09:23:53,192 [BombeRLeWorld] INFO: STARTING STEP 1
2021-03-02 09:23:53,201 [BombeRLeWorld] INFO: Agent <rule_based_agent_0> chose action RIGHT in 0.00s.
2021-03-02 09:23:53,202 [BombeRLeWorld] WARNING: Agent <rule_based_agent_0> stayed within acceptable think time.
2021-03-02 09:23:53,202 [BombeRLeWorld] INFO: Agent <rule_based_agent_3> chose action DOWN in 0.00s.
2021-03-02 09:23:53,202 [BombeRLeWorld] WARNING: Agent <rule_based_agent_3> stayed within acceptable think time.
2021-03-02 09:23:53,202 [BombeRLeWorld] INFO: Agent <rule_based_agent_1> chose action UP in 0.00s.
2021-03-02 09:23:53,202 [BombeRLeWorld] WARNING: Agent <rule_based_agent_1> stayed within acceptable think time.
2021-03-02 09:23:53,202 [BombeRLeWorld] INFO: Agent <rule_based_agent_2> chose action LEFT in 0.00s.
2021-03-02 09:23:53,202 [BombeRLeWorld] WARNING: Agent <rule_based_agent_2> stayed within acceptable think time.
2021-03-02 09:23:53,296 [BombeRLeWorld] INFO: STARTING STEP 2
2021-03-02 09:23:53,312 [BombeRLeWorld] INFO: Agent <rule_based_agent_0> chose action BOMB in 0.00s.
2021-03-02 09:23:53,312 [BombeRLeWorld] WARNING: Agent <rule_based_agent_0> stayed within acceptable think time.
2021-03-02 09:23:53,312 [BombeRLeWorld] INFO: Agent <rule_based_agent_0> drops bomb at (2, 15)
2021-03-02 09:23:53,312 [BombeRLeWorld] INFO: Agent <rule_based_agent_3> chose action BOMB in 0.00s.
2021-03-02 09:23:53,312 [BombeRLeWorld] WARNING: Agent <rule_based_agent_3> stayed within acceptable think time.
2021-03-02 09:23:53,313 [BombeRLeWorld] INFO: Agent <rule_based_agent_3> drops bomb at (1, 2)
2021-03-02 09:23:53,313 [BombeRLeWorld] INFO: Agent <rule_based_agent_1> chose action UP in 0.00s.
2021-03-02 09:23:53,313 [BombeRLeWorld] WARNING: Agent <rule_based_agent_1> stayed within acceptable think time.
2021-03-02 09:23:53,313 [BombeRLeWorld] INFO: Agent <rule_based_agent_2> chose action BOMB in 0.00s.
2021-03-02 09:23:53,313 [BombeRLeWorld] WARNING: Agent <rule_based_agent_2> stayed within acceptable think time.
2021-03-02 09:23:53,313 [BombeRLeWorld] INFO: Agent <rule_based_agent_2> drops bomb at (14, 1)
2021-03-02 09:23:53,398 [BombeRLeWorld] INFO: STARTING STEP 3
2021-03-02 09:23:53,409 [BombeRLeWorld] INFO: Agent <rule_based_agent_1> chose action BOMB in 0.00s.
2021-03-02 09:23:53,409 [BombeRLeWorld] WARNING: Agent <rule_based_agent_1> stayed within acceptable think time.
2021-03-02 09:23:53,409 [BombeRLeWorld] INFO: Agent <rule_based_agent_1> drops bomb at (15, 13)
2021-03-02 09:23:53,409 [BombeRLeWorld] INFO: Agent <rule_based_agent_3> chose action UP in 0.00s.
2021-03-02 09:23:53,409 [BombeRLeWorld] WARNING: Agent <rule_based_agent_3> stayed within acceptable think time.
2021-03-02 09:23:53,409 [BombeRLeWorld] INFO: Agent <rule_based_agent_2> chose action RIGHT in 0.00s.
2021-03-02 09:23:53,409 [BombeRLeWorld] WARNING: Agent <rule_based_agent_2> stayed within acceptable think time.
2021-03-02 09:23:53,409 [BombeRLeWorld] INFO: Agent <rule_based_agent_0> chose action LEFT in 0.00s.
2021-03-02 09:23:53,409 [BombeRLeWorld] WARNING: Agent <rule_based_agent_0> stayed within acceptable think time.
2021-03-02 09:23:53,499 [BombeRLeWorld] INFO: STARTING STEP 4
2021-03-02 09:23:53,510 [BombeRLeWorld] INFO: Agent <rule_based_agent_2> chose action DOWN in 0.00s.
2021-03-02 09:23:53,510 [BombeRLeWorld] WARNING: Agent <rule_based_agent_2> stayed within acceptable think time.
2021-03-02 09:23:53,510 [BombeRLeWorld] INFO: Agent <rule_based_agent_3> chose action RIGHT in 0.00s.
2021-03-02 09:23:53,510 [BombeRLeWorld] WARNING: Agent <rule_based_agent_3> stayed within acceptable think time.
2021-03-02 09:23:53,510 [BombeRLeWorld] INFO: Agent <rule_based_agent_1> chose action DOWN in 0.00s.
2021-03-02 09:23:53,510 [BombeRLeWorld] WARNING: Agent <rule_based_agent_1> stayed within acceptable think time.
2021-03-02 09:23:53,510 [BombeRLeWorld] INFO: Agent <rule_based_agent_0> chose action UP in 0.00s.
2021-03-02 09:23:53,510 [BombeRLeWorld] WARNING: Agent <rule_based_agent_0> stayed within acceptable think time.
2021-03-02 09:23:53,599 [BombeRLeWorld] INFO: STARTING STEP 5
2021-03-02 09:23:53,608 [BombeRLeWorld] INFO: Agent <rule_based_agent_1> chose action DOWN in 0.00s.
2021-03-02 09:23:53,608 [BombeRLeWorld] WARNING: Agent <rule_based_agent_1> stayed within acceptable think time.
2021-03-02 09:23:53,608 [BombeRLeWorld] INFO: Agent <rule_based_agent_2> chose action DOWN in 0.00s.
2021-03-02 09:23:53,608 [BombeRLeWorld] WARNING: Agent <rule_based_agent_2> stayed within acceptable think time.
2021-03-02 09:23:53,608 [BombeRLeWorld] INFO: Agent <rule_based_agent_3> chose action LEFT in 0.00s.
2021-03-02 09:23:53,608 [BombeRLeWorld] WARNING: Agent <rule_based_agent_3> stayed within acceptable think time.
2021-03-02 09:23:53,609 [BombeRLeWorld] INFO: Agent <rule_based_agent_0> chose action DOWN in 0.00s.
2021-03-02 09:23:53,609 [BombeRLeWorld] WARNING: Agent <rule_based_agent_0> stayed within acceptable think time.
2021-03-02 09:23:53,700 [BombeRLeWorld] INFO: STARTING STEP 6
2021-03-02 09:23:53,708 [BombeRLeWorld] INFO: Agent <rule_based_agent_0> chose action UP in 0.00s.
2021-03-02 09:23:53,708 [BombeRLeWorld] WARNING: Agent <rule_based_agent_0> stayed within acceptable think time.
2021-03-02 09:23:53,708 [BombeRLeWorld] INFO: Agent <rule_based_agent_3> chose action RIGHT in 0.00s.
2021-03-02 09:23:53,708 [BombeRLeWorld] WARNING: Agent <rule_based_agent_3> stayed within acceptable think time.
2021-03-02 09:23:53,708 [BombeRLeWorld] INFO: Agent <rule_based_agent_1> chose action LEFT in 0.00s.
2021-03-02 09:23:53,708 [BombeRLeWorld] WARNING: Agent <rule_based_agent_1> stayed within acceptable think time.
2021-03-02 09:23:53,708 [BombeRLeWorld] INFO: Agent <rule_based_agent_2> chose action UP in 0.00s.
2021-03-02 09:23:53,708 [BombeRLeWorld] WARNING: Agent <rule_based_agent_2> stayed within acceptable think time.
2021-03-02 09:23:53,708 [BombeRLeWorld] INFO: Agent <rule_based_agent_0>'s bomb at (2, 15) explodes
2021-03-02 09:23:53,708 [BombeRLeWorld] INFO: Agent <rule_based_agent_3>'s bomb at (1, 2) explodes
2021-03-02 09:23:53,708 [BombeRLeWorld] INFO: Coin found at (1, 4)
2021-03-02 09:23:53,709 [BombeRLeWorld] INFO: Agent <rule_based_agent_2>'s bomb at (14, 1) explodes
2021-03-02 09:23:53,800 [BombeRLeWorld] INFO: STARTING STEP 7
2021-03-02 09:23:53,808 [BombeRLeWorld] INFO: Agent <rule_based_agent_2> chose action DOWN in 0.00s.
2021-03-02 09:23:53,808 [BombeRLeWorld] WARNING: Agent <rule_based_agent_2> stayed within acceptable think time.
2021-03-02 09:23:53,808 [BombeRLeWorld] INFO: Agent <rule_based_agent_3> chose action BOMB in 0.00s.
2021-03-02 09:23:53,808 [BombeRLeWorld] WARNING: Agent <rule_based_agent_3> stayed within acceptable think time.
2021-03-02 09:23:53,808 [BombeRLeWorld] INFO: Agent <rule_based_agent_3> drops bomb at (2, 1)
2021-03-02 09:23:53,808 [BombeRLeWorld] INFO: Agent <rule_based_agent_0> chose action BOMB in 0.00s.
2021-03-02 09:23:53,808 [BombeRLeWorld] WARNING: Agent <rule_based_agent_0> stayed within acceptable think time.
2021-03-02 09:23:53,808 [BombeRLeWorld] INFO: Agent <rule_based_agent_0> drops bomb at (1, 14)
2021-03-02 09:23:53,808 [BombeRLeWorld] INFO: Agent <rule_based_agent_1> chose action LEFT in 0.00s.
2021-03-02 09:23:53,808 [BombeRLeWorld] WARNING: Agent <rule_based_agent_1> stayed within acceptable think time.
2021-03-02 09:23:53,808 [BombeRLeWorld] INFO: Agent <rule_based_agent_1>'s bomb at (15, 13) explodes
2021-03-02 09:23:53,900 [BombeRLeWorld] INFO: STARTING STEP 8
2021-03-02 09:23:53,911 [BombeRLeWorld] INFO: Agent <rule_based_agent_3> chose action LEFT in 0.00s.
2021-03-02 09:23:53,911 [BombeRLeWorld] WARNING: Agent <rule_based_agent_3> stayed within acceptable think time.
2021-03-02 09:23:53,911 [BombeRLeWorld] INFO: Agent <rule_based_agent_0> chose action DOWN in 0.00s.
2021-03-02 09:23:53,912 [BombeRLeWorld] WARNING: Agent <rule_based_agent_0> stayed within acceptable think time.
2021-03-02 09:23:53,912 [BombeRLeWorld] INFO: Agent <rule_based_agent_1> chose action BOMB in 0.00s.
2021-03-02 09:23:53,912 [BombeRLeWorld] WARNING: Agent <rule_based_agent_1> stayed within acceptable think time.
2021-03-02 09:23:53,912 [BombeRLeWorld] INFO: Agent <rule_based_agent_1> drops bomb at (13, 15)
2021-03-02 09:23:53,912 [BombeRLeWorld] INFO: Agent <rule_based_agent_2> chose action BOMB in 0.00s.
2021-03-02 09:23:53,912 [BombeRLeWorld] WARNING: Agent <rule_based_agent_2> stayed within acceptable think time.
2021-03-02 09:23:53,912 [BombeRLeWorld] INFO: Agent <rule_based_agent_2> drops bomb at (15, 3)
2021-03-02 09:23:54,001 [BombeRLeWorld] INFO: STARTING STEP 9
2021-03-02 09:23:54,015 [BombeRLeWorld] INFO: Agent <rule_based_agent_2> chose action UP in 0.00s.
2021-03-02 09:23:54,015 [BombeRLeWorld] WARNING: Agent <rule_based_agent_2> stayed within acceptable think time.
2021-03-02 09:23:54,016 [BombeRLeWorld] INFO: Agent <rule_based_agent_0> chose action RIGHT in 0.00s.
2021-03-02 09:23:54,016 [BombeRLeWorld] WARNING: Agent <rule_based_agent_0> stayed within acceptable think time.
2021-03-02 09:23:54,016 [BombeRLeWorld] INFO: Agent <rule_based_agent_3> chose action DOWN in 0.00s.
2021-03-02 09:23:54,016 [BombeRLeWorld] WARNING: Agent <rule_based_agent_3> stayed within acceptable think time.
2021-03-02 09:23:54,016 [BombeRLeWorld] INFO: Agent <rule_based_agent_1> chose action RIGHT in 0.00s.
2021-03-02 09:23:54,016 [BombeRLeWorld] WARNING: Agent <rule_based_agent_1> stayed within acceptable think time.
2021-03-02 09:23:54,101 [BombeRLeWorld] INFO: STARTING STEP 10
2021-03-02 09:23:54,119 [BombeRLeWorld] INFO: Agent <rule_based_agent_0> chose action RIGHT in 0.00s.
2021-03-02 09:23:54,119 [BombeRLeWorld] WARNING: Agent <rule_based_agent_0> stayed within acceptable think time.
2021-03-02 09:23:54,119 [BombeRLeWorld] INFO: Agent <rule_based_agent_2> chose action UP in 0.00s.
2021-03-02 09:23:54,119 [BombeRLeWorld] WARNING: Agent <rule_based_agent_2> stayed within acceptable think time.
2021-03-02 09:23:54,119 [BombeRLeWorld] INFO: Agent <rule_based_agent_3> chose action DOWN in 0.00s.
2021-03-02 09:23:54,119 [BombeRLeWorld] WARNING: Agent <rule_based_agent_3> stayed within acceptable think time.
2021-03-02 09:23:54,120 [BombeRLeWorld] INFO: Agent <rule_based_agent_1> chose action RIGHT in 0.00s.
2021-03-02 09:23:54,120 [BombeRLeWorld] WARNING: Agent <rule_based_agent_1> stayed within acceptable think time.
2021-03-02 09:23:54,201 [BombeRLeWorld] INFO: STARTING STEP 11
2021-03-02 09:23:54,217 [BombeRLeWorld] INFO: Agent <rule_based_agent_0> chose action RIGHT in 0.00s.
2021-03-02 09:23:54,218 [BombeRLeWorld] WARNING: Agent <rule_based_agent_0> stayed within acceptable think time.
2021-03-02 09:23:54,218 [BombeRLeWorld] INFO: Agent <rule_based_agent_1> chose action UP in 0.00s.
2021-03-02 09:23:54,218 [BombeRLeWorld] WARNING: Agent <rule_based_agent_1> stayed within acceptable think time.
2021-03-02 09:23:54,218 [BombeRLeWorld] INFO: Agent <rule_based_agent_2> chose action LEFT in 0.00s.
2021-03-02 09:23:54,218 [BombeRLeWorld] WARNING: Agent <rule_based_agent_2> stayed within acceptable think time.
2021-03-02 09:23:54,218 [BombeRLeWorld] INFO: Agent <rule_based_agent_3> chose action DOWN in 0.00s.
2021-03-02 09:23:54,218 [BombeRLeWorld] WARNING: Agent <rule_based_agent_3> stayed within acceptable think time.
2021-03-02 09:23:54,218 [BombeRLeWorld] INFO: Agent <rule_based_agent_3> picked up coin at (1, 4) and receives 1 point
2021-03-02 09:23:54,218 [BombeRLeWorld] INFO: Agent <rule_based_agent_3>'s bomb at (2, 1) explodes
2021-03-02 09:23:54,219 [BombeRLeWorld] INFO: Agent <rule_based_agent_0>'s bomb at (1, 14) explodes
2021-03-02 09:23:54,301 [BombeRLeWorld] INFO: STARTING STEP 12
2021-03-02 09:23:54,314 [BombeRLeWorld] INFO: Agent <rule_based_agent_0> chose action RIGHT in 0.00s.
2021-03-02 09:23:54,314 [BombeRLeWorld] WARNING: Agent <rule_based_agent_0> stayed within acceptable think time.
2021-03-02 09:23:54,314 [BombeRLeWorld] INFO: Agent <rule_based_agent_2> chose action LEFT in 0.00s.
2021-03-02 09:23:54,314 [BombeRLeWorld] WARNING: Agent <rule_based_agent_2> stayed within acceptable think time.
2021-03-02 09:23:54,314 [BombeRLeWorld] INFO: Agent <rule_based_agent_1> chose action UP in 0.00s.
2021-03-02 09:23:54,314 [BombeRLeWorld] WARNING: Agent <rule_based_agent_1> stayed within acceptable think time.
2021-03-02 09:23:54,314 [BombeRLeWorld] INFO: Agent <rule_based_agent_3> chose action DOWN in 0.00s.
2021-03-02 09:23:54,314 [BombeRLeWorld] WARNING: Agent <rule_based_agent_3> stayed within acceptable think time.
2021-03-02 09:23:54,314 [BombeRLeWorld] INFO: Agent <rule_based_agent_1>'s bomb at (13, 15) explodes
2021-03-02 09:23:54,314 [BombeRLeWorld] INFO: Coin found at (11, 15)
2021-03-02 09:23:54,314 [BombeRLeWorld] INFO: Agent <rule_based_agent_2>'s bomb at (15, 3) explodes
2021-03-02 09:23:54,314 [BombeRLeWorld] INFO: Coin found at (13, 3)
2021-03-02 09:23:54,401 [BombeRLeWorld] INFO: STARTING STEP 13
2021-03-02 09:23:54,411 [BombeRLeWorld] INFO: Agent <rule_based_agent_3> chose action RIGHT in 0.00s.
2021-03-02 09:23:54,411 [BombeRLeWorld] WARNING: Agent <rule_based_agent_3> stayed within acceptable think time.
2021-03-02 09:23:54,412 [BombeRLeWorld] INFO: Agent <rule_based_agent_2> chose action LEFT in 0.00s.
2021-03-02 09:23:54,412 [BombeRLeWorld] WARNING: Agent <rule_based_agent_2> stayed within acceptable think time.
2021-03-02 09:23:54,412 [BombeRLeWorld] INFO: Agent <rule_based_agent_1> chose action LEFT in 0.00s.
2021-03-02 09:23:54,412 [BombeRLeWorld] WARNING: Agent <rule_based_agent_1> stayed within acceptable think time.
2021-03-02 09:23:54,412 [BombeRLeWorld] INFO: Agent <rule_based_agent_0> chose action RIGHT in 0.00s.
2021-03-02 09:23:54,412 [BombeRLeWorld] WARNING: Agent <rule_based_agent_0> stayed within acceptable think time.
2021-03-02 09:23:54,501 [BombeRLeWorld] INFO: STARTING STEP 14
2021-03-02 09:23:54,514 [BombeRLeWorld] INFO: Agent <rule_based_agent_2> chose action LEFT in 0.00s.
2021-03-02 09:23:54,514 [BombeRLeWorld] WARNING: Agent <rule_based_agent_2> stayed within acceptable think time.
2021-03-02 09:23:54,514 [BombeRLeWorld] INFO: Agent <rule_based_agent_0> chose action BOMB in 0.00s.
2021-03-02 09:23:54,514 [BombeRLeWorld] WARNING: Agent <rule_based_agent_0> stayed within acceptable think time.
2021-03-02 09:23:54,514 [BombeRLeWorld] INFO: Agent <rule_based_agent_0> drops bomb at (6, 15)
2021-03-02 09:23:54,514 [BombeRLeWorld] INFO: Agent <rule_based_agent_1> chose action LEFT in 0.00s.
2021-03-02 09:23:54,514 [BombeRLeWorld] WARNING: Agent <rule_based_agent_1> stayed within acceptable think time.
2021-03-02 09:23:54,514 [BombeRLeWorld] INFO: Agent <rule_based_agent_3> chose action BOMB in 0.00s.
2021-03-02 09:23:54,514 [BombeRLeWorld] WARNING: Agent <rule_based_agent_3> stayed within acceptable think time.
2021-03-02 09:23:54,514 [BombeRLeWorld] INFO: Agent <rule_based_agent_3> drops bomb at (2, 5)
2021-03-02 09:23:54,602 [BombeRLeWorld] INFO: STARTING STEP 15
2021-03-02 09:23:54,621 [BombeRLeWorld] INFO: Agent <rule_based_agent_1> chose action LEFT in 0.00s.
2021-03-02 09:23:54,621 [BombeRLeWorld] WARNING: Agent <rule_based_agent_1> stayed within acceptable think time.
2021-03-02 09:23:54,621 [BombeRLeWorld] INFO: Agent <rule_based_agent_2> chose action LEFT in 0.00s.
2021-03-02 09:23:54,621 [BombeRLeWorld] WARNING: Agent <rule_based_agent_2> stayed within acceptable think time.
2021-03-02 09:23:54,621 [BombeRLeWorld] INFO: Agent <rule_based_agent_3> chose action LEFT in 0.00s.
2021-03-02 09:23:54,621 [BombeRLeWorld] WARNING: Agent <rule_based_agent_3> stayed within acceptable think time.
2021-03-02 09:23:54,622 [BombeRLeWorld] INFO: Agent <rule_based_agent_0> chose action LEFT in 0.01s.
2021-03-02 09:23:54,622 [BombeRLeWorld] WARNING: Agent <rule_based_agent_0> stayed within acceptable think time.
2021-03-02 09:23:54,702 [BombeRLeWorld] INFO: STARTING STEP 16
2021-03-02 09:23:54,718 [BombeRLeWorld] INFO: Agent <rule_based_agent_1> chose action BOMB in 0.00s.
2021-03-02 09:23:54,718 [BombeRLeWorld] WARNING: Agent <rule_based_agent_1> stayed within acceptable think time.
2021-03-02 09:23:54,718 [BombeRLeWorld] INFO: Agent <rule_based_agent_1> drops bomb at (12, 13)
2021-03-02 09:23:54,718 [BombeRLeWorld] INFO: Agent <rule_based_agent_3> chose action DOWN in 0.00s.
2021-03-02 09:23:54,718 [BombeRLeWorld] WARNING: Agent <rule_based_agent_3> stayed within acceptable think time.
2021-03-02 09:23:54,718 [BombeRLeWorld] INFO: Agent <rule_based_agent_2> chose action BOMB in 0.00s.
2021-03-02 09:23:54,718 [BombeRLeWorld] WARNING: Agent <rule_based_agent_2> stayed within acceptable think time.
2021-03-02 09:23:54,719 [BombeRLeWorld] INFO: Agent <rule_based_agent_2> drops bomb at (10, 1)
2021-03-02 09:23:54,719 [BombeRLeWorld] INFO: Agent <rule_based_agent_0> chose action LEFT in 0.01s.
2021-03-02 09:23:54,719 [BombeRLeWorld] WARNING: Agent <rule_based_agent_0> stayed within acceptable think time.
2021-03-02 09:23:54,802 [BombeRLeWorld] INFO: STARTING STEP 17
2021-03-02 09:23:54,865 [BombeRLeWorld] INFO: Agent <rule_based_agent_0> chose action LEFT in 0.01s.
2021-03-02 09:23:54,867 [BombeRLeWorld] WARNING: Agent <rule_based_agent_0> stayed within acceptable think time.
2021-03-02 09:23:54,868 [BombeRLeWorld] INFO: Agent <rule_based_agent_2> chose action RIGHT in 0.02s.
2021-03-02 09:23:54,868 [BombeRLeWorld] WARNING: Agent <rule_based_agent_2> stayed within acceptable think time.
2021-03-02 09:23:54,868 [BombeRLeWorld] INFO: Agent <rule_based_agent_1> chose action RIGHT in 0.01s.
2021-03-02 09:23:54,868 [BombeRLeWorld] WARNING: Agent <rule_based_agent_1> stayed within acceptable think time.
2021-03-02 09:23:54,869 [BombeRLeWorld] INFO: Agent <rule_based_agent_3> chose action UP in 0.00s.
2021-03-02 09:23:54,869 [BombeRLeWorld] WARNING: Agent <rule_based_agent_3> stayed within acceptable think time.
2021-03-02 09:23:54,902 [BombeRLeWorld] INFO: STARTING STEP 18
2021-03-02 09:23:54,932 [BombeRLeWorld] INFO: Agent <rule_based_agent_2> chose action DOWN in 0.01s.
2021-03-02 09:23:54,933 [BombeRLeWorld] WARNING: Agent <rule_based_agent_2> stayed within acceptable think time.
2021-03-02 09:23:54,933 [BombeRLeWorld] INFO: Agent <rule_based_agent_1> chose action DOWN in 0.00s.
2021-03-02 09:23:54,933 [BombeRLeWorld] WARNING: Agent <rule_based_agent_1> stayed within acceptable think time.
2021-03-02 09:23:54,933 [BombeRLeWorld] INFO: Agent <rule_based_agent_3> chose action DOWN in 0.01s.
2021-03-02 09:23:54,933 [BombeRLeWorld] WARNING: Agent <rule_based_agent_3> stayed within acceptable think time.
2021-03-02 09:23:54,934 [BombeRLeWorld] INFO: Agent <rule_based_agent_0> chose action LEFT in 0.01s.
2021-03-02 09:23:54,934 [BombeRLeWorld] WARNING: Agent <rule_based_agent_0> stayed within acceptable think time.
2021-03-02 09:23:54,934 [BombeRLeWorld] INFO: Agent <rule_based_agent_0>'s bomb at (6, 15) explodes
2021-03-02 09:23:54,934 [BombeRLeWorld] INFO: Agent <rule_based_agent_3>'s bomb at (2, 5) explodes
2021-03-02 09:23:55,002 [BombeRLeWorld] INFO: STARTING STEP 19
2021-03-02 09:23:55,014 [BombeRLeWorld] INFO: Agent <rule_based_agent_3> chose action BOMB in 0.00s.
2021-03-02 09:23:55,014 [BombeRLeWorld] WARNING: Agent <rule_based_agent_3> stayed within acceptable think time.
2021-03-02 09:23:55,014 [BombeRLeWorld] INFO: Agent <rule_based_agent_3> drops bomb at (1, 6)
2021-03-02 09:23:55,014 [BombeRLeWorld] INFO: Agent <rule_based_agent_0> chose action LEFT in 0.00s.
2021-03-02 09:23:55,014 [BombeRLeWorld] WARNING: Agent <rule_based_agent_0> stayed within acceptable think time.
2021-03-02 09:23:55,014 [BombeRLeWorld] INFO: Agent <rule_based_agent_2> chose action UP in 0.00s.
2021-03-02 09:23:55,014 [BombeRLeWorld] WARNING: Agent <rule_based_agent_2> stayed within acceptable think time.
2021-03-02 09:23:55,014 [BombeRLeWorld] INFO: Agent <rule_based_agent_1> chose action UP in 0.00s.
2021-03-02 09:23:55,014 [BombeRLeWorld] WARNING: Agent <rule_based_agent_1> stayed within acceptable think time.
2021-03-02 09:23:55,108 [BombeRLeWorld] INFO: STARTING STEP 20
2021-03-02 09:23:55,133 [BombeRLeWorld] INFO: Agent <rule_based_agent_0> chose action UP in 0.00s.
2021-03-02 09:23:55,133 [BombeRLeWorld] WARNING: Agent <rule_based_agent_0> stayed within acceptable think time.
2021-03-02 09:23:55,133 [BombeRLeWorld] INFO: Agent <rule_based_agent_2> chose action DOWN in 0.00s.
2021-03-02 09:23:55,133 [BombeRLeWorld] WARNING: Agent <rule_based_agent_2> stayed within acceptable think time.
2021-03-02 09:23:55,133 [BombeRLeWorld] INFO: Agent <rule_based_agent_1> chose action DOWN in 0.00s.
2021-03-02 09:23:55,134 [BombeRLeWorld] WARNING: Agent <rule_based_agent_1> stayed within acceptable think time.
2021-03-02 09:23:55,134 [BombeRLeWorld] INFO: Agent <rule_based_agent_3> chose action UP in 0.01s.
2021-03-02 09:23:55,134 [BombeRLeWorld] WARNING: Agent <rule_based_agent_3> stayed within acceptable think time.
2021-03-02 09:23:55,134 [BombeRLeWorld] INFO: Agent <rule_based_agent_1>'s bomb at (12, 13) explodes
2021-03-02 09:23:55,134 [BombeRLeWorld] INFO: Agent <rule_based_agent_2>'s bomb at (10, 1) explodes
2021-03-02 09:23:55,134 [BombeRLeWorld] INFO: Coin found at (7, 1)
2021-03-02 09:23:55,208 [BombeRLeWorld] INFO: STARTING STEP 21
2021-03-02 09:23:55,223 [BombeRLeWorld] INFO: Agent <rule_based_agent_3> chose action RIGHT in 0.00s.
2021-03-02 09:23:55,223 [BombeRLeWorld] WARNING: Agent <rule_based_agent_3> stayed within acceptable think time.
2021-03-02 09:23:55,223 [BombeRLeWorld] INFO: Agent <rule_based_agent_1> chose action UP in 0.00s.
2021-03-02 09:23:55,224 [BombeRLeWorld] WARNING: Agent <rule_based_agent_1> stayed within acceptable think time.
2021-03-02 09:23:55,224 [BombeRLeWorld] INFO: Agent <rule_based_agent_0> chose action UP in 0.00s.
2021-03-02 09:23:55,224 [BombeRLeWorld] WARNING: Agent <rule_based_agent_0> stayed within acceptable think time.
2021-03-02 09:23:55,224 [BombeRLeWorld] INFO: Agent <rule_based_agent_2> chose action BOMB in 0.00s.
2021-03-02 09:23:55,224 [BombeRLeWorld] WARNING: Agent <rule_based_agent_2> stayed within acceptable think time.
2021-03-02 09:23:55,224 [BombeRLeWorld] INFO: Agent <rule_based_agent_2> drops bomb at (11, 2)
2021-03-02 09:23:55,308 [BombeRLeWorld] INFO: STARTING STEP 22
2021-03-02 09:23:55,348 [BombeRLeWorld] INFO: Agent <rule_based_agent_2> chose action UP in 0.01s.
2021-03-02 09:23:55,348 [BombeRLeWorld] WARNING: Agent <rule_based_agent_2> stayed within acceptable think time.
2021-03-02 09:23:55,348 [BombeRLeWorld] INFO: Agent <rule_based_agent_0> chose action RIGHT in 0.01s.
2021-03-02 09:23:55,349 [BombeRLeWorld] WARNING: Agent <rule_based_agent_0> stayed within acceptable think time.
2021-03-02 09:23:55,349 [BombeRLeWorld] INFO: Agent <rule_based_agent_3> chose action RIGHT in 0.01s.
2021-03-02 09:23:55,349 [BombeRLeWorld] WARNING: Agent <rule_based_agent_3> stayed within acceptable think time.
2021-03-02 09:23:55,349 [BombeRLeWorld] INFO: Agent <rule_based_agent_1> chose action UP in 0.01s.
2021-03-02 09:23:55,349 [BombeRLeWorld] WARNING: Agent <rule_based_agent_1> stayed within acceptable think time.
2021-03-02 09:23:55,408 [BombeRLeWorld] INFO: STARTING STEP 23
2021-03-02 09:23:55,422 [BombeRLeWorld] INFO: Agent <rule_based_agent_2> chose action RIGHT in 0.00s.
2021-03-02 09:23:55,423 [BombeRLeWorld] WARNING: Agent <rule_based_agent_2> stayed within acceptable think time.
2021-03-02 09:23:55,423 [BombeRLeWorld] INFO: Agent <rule_based_agent_1> chose action BOMB in 0.00s.
2021-03-02 09:23:55,423 [BombeRLeWorld] WARNING: Agent <rule_based_agent_1> stayed within acceptable think time.
2021-03-02 09:23:55,423 [BombeRLeWorld] INFO: Agent <rule_based_agent_1> drops bomb at (13, 12)
2021-03-02 09:23:55,423 [BombeRLeWorld] INFO: Agent <rule_based_agent_0> chose action BOMB in 0.00s.
2021-03-02 09:23:55,423 [BombeRLeWorld] WARNING: Agent <rule_based_agent_0> stayed within acceptable think time.
2021-03-02 09:23:55,423 [BombeRLeWorld] INFO: Agent <rule_based_agent_0> drops bomb at (2, 13)
2021-03-02 09:23:55,423 [BombeRLeWorld] INFO: Agent <rule_based_agent_3> chose action LEFT in 0.00s.
2021-03-02 09:23:55,423 [BombeRLeWorld] WARNING: Agent <rule_based_agent_3> stayed within acceptable think time.
2021-03-02 09:23:55,423 [BombeRLeWorld] INFO: Agent <rule_based_agent_3>'s bomb at (1, 6) explodes
2021-03-02 09:23:55,423 [BombeRLeWorld] INFO: Coin found at (1, 8)
2021-03-02 09:23:55,508 [BombeRLeWorld] INFO: STARTING STEP 24
2021-03-02 09:23:55,553 [BombeRLeWorld] INFO: Agent <rule_based_agent_0> chose action LEFT in 0.00s.
2021-03-02 09:23:55,553 [BombeRLeWorld] WARNING: Agent <rule_based_agent_0> stayed within acceptable think time.
2021-03-02 09:23:55,553 [BombeRLeWorld] INFO: Agent <rule_based_agent_1> chose action DOWN in 0.01s.
2021-03-02 09:23:55,553 [BombeRLeWorld] WARNING: Agent <rule_based_agent_1> stayed within acceptable think time.
2021-03-02 09:23:55,553 [BombeRLeWorld] INFO: Agent <rule_based_agent_3> chose action RIGHT in 0.01s.
2021-03-02 09:23:55,554 [BombeRLeWorld] WARNING: Agent <rule_based_agent_3> stayed within acceptable think time.
2021-03-02 09:23:55,554 [BombeRLeWorld] INFO: Agent <rule_based_agent_2> chose action LEFT in 0.01s.
2021-03-02 09:23:55,554 [BombeRLeWorld] WARNING: Agent <rule_based_agent_2> stayed within acceptable think time.
2021-03-02 09:23:55,614 [BombeRLeWorld] INFO: STARTING STEP 25
2021-03-02 09:23:55,649 [BombeRLeWorld] INFO: Agent <rule_based_agent_1> chose action RIGHT in 0.00s.
2021-03-02 09:23:55,649 [BombeRLeWorld] WARNING: Agent <rule_based_agent_1> stayed within acceptable think time.
2021-03-02 09:23:55,649 [BombeRLeWorld] INFO: Agent <rule_based_agent_2> chose action RIGHT in 0.01s.
2021-03-02 09:23:55,649 [BombeRLeWorld] WARNING: Agent <rule_based_agent_2> stayed within acceptable think time.
2021-03-02 09:23:55,649 [BombeRLeWorld] INFO: Agent <rule_based_agent_3> chose action DOWN in 0.00s.
2021-03-02 09:23:55,649 [BombeRLeWorld] WARNING: Agent <rule_based_agent_3> stayed within acceptable think time.
2021-03-02 09:23:55,650 [BombeRLeWorld] INFO: Agent <rule_based_agent_0> chose action DOWN in 0.01s.
2021-03-02 09:23:55,650 [BombeRLeWorld] WARNING: Agent <rule_based_agent_0> stayed within acceptable think time.
2021-03-02 09:23:55,650 [BombeRLeWorld] INFO: Agent <rule_based_agent_2>'s bomb at (11, 2) explodes
2021-03-02 09:23:55,714 [BombeRLeWorld] INFO: STARTING STEP 26
2021-03-02 09:23:55,739 [BombeRLeWorld] INFO: Agent <rule_based_agent_2> chose action LEFT in 0.01s.
2021-03-02 09:23:55,739 [BombeRLeWorld] WARNING: Agent <rule_based_agent_2> stayed within acceptable think time.
2021-03-02 09:23:55,739 [BombeRLeWorld] INFO: Agent <rule_based_agent_3> chose action DOWN in 0.00s.
2021-03-02 09:23:55,739 [BombeRLeWorld] WARNING: Agent <rule_based_agent_3> stayed within acceptable think time.
2021-03-02 09:23:55,739 [BombeRLeWorld] INFO: Agent <rule_based_agent_1> chose action LEFT in 0.01s.
2021-03-02 09:23:55,739 [BombeRLeWorld] WARNING: Agent <rule_based_agent_1> stayed within acceptable think time.
2021-03-02 09:23:55,739 [BombeRLeWorld] INFO: Agent <rule_based_agent_0> chose action UP in 0.01s.
2021-03-02 09:23:55,739 [BombeRLeWorld] WARNING: Agent <rule_based_agent_0> stayed within acceptable think time.
2021-03-02 09:23:55,814 [BombeRLeWorld] INFO: STARTING STEP 27
2021-03-02 09:23:55,831 [BombeRLeWorld] INFO: Agent <rule_based_agent_0> chose action DOWN in 0.00s.
2021-03-02 09:23:55,831 [BombeRLeWorld] WARNING: Agent <rule_based_agent_0> stayed within acceptable think time.
2021-03-02 09:23:55,831 [BombeRLeWorld] INFO: Agent <rule_based_agent_2> chose action LEFT in 0.01s.
2021-03-02 09:23:55,831 [BombeRLeWorld] WARNING: Agent <rule_based_agent_2> stayed within acceptable think time.
2021-03-02 09:23:55,831 [BombeRLeWorld] INFO: Agent <rule_based_agent_3> chose action BOMB in 0.00s.
2021-03-02 09:23:55,831 [BombeRLeWorld] WARNING: Agent <rule_based_agent_3> stayed within acceptable think time.
2021-03-02 09:23:55,831 [BombeRLeWorld] INFO: Agent <rule_based_agent_3> drops bomb at (3, 7)
2021-03-02 09:23:55,832 [BombeRLeWorld] INFO: Agent <rule_based_agent_1> chose action RIGHT in 0.00s.
2021-03-02 09:23:55,832 [BombeRLeWorld] WARNING: Agent <rule_based_agent_1> stayed within acceptable think time.
2021-03-02 09:23:55,832 [BombeRLeWorld] INFO: Agent <rule_based_agent_1>'s bomb at (13, 12) explodes
2021-03-02 09:23:55,832 [BombeRLeWorld] INFO: Agent <rule_based_agent_0>'s bomb at (2, 13) explodes
2021-03-02 09:23:55,914 [BombeRLeWorld] INFO: STARTING STEP 28
2021-03-02 09:23:56,023 [BombeRLeWorld] INFO: Agent <rule_based_agent_1> chose action RIGHT in 0.02s.
2021-03-02 09:23:56,028 [BombeRLeWorld] WARNING: Agent <rule_based_agent_1> stayed within acceptable think time.
2021-03-02 09:23:56,029 [BombeRLeWorld] INFO: Agent <rule_based_agent_2> chose action LEFT in 0.03s.
2021-03-02 09:23:56,029 [BombeRLeWorld] WARNING: Agent <rule_based_agent_2> stayed within acceptable think time.
2021-03-02 09:23:56,030 [BombeRLeWorld] INFO: Agent <rule_based_agent_0> chose action UP in 0.01s.
2021-03-02 09:23:56,032 [BombeRLeWorld] WARNING: Agent <rule_based_agent_0> stayed within acceptable think time.
2021-03-02 09:23:56,032 [BombeRLeWorld] INFO: Agent <rule_based_agent_3> chose action UP in 0.02s.
2021-03-02 09:23:56,033 [BombeRLeWorld] WARNING: Agent <rule_based_agent_3> stayed within acceptable think time.
2021-03-02 09:23:56,033 [BombeRLeWorld] INFO: STARTING STEP 29
2021-03-02 09:23:56,087 [BombeRLeWorld] INFO: Agent <rule_based_agent_1> chose action UP in 0.02s.
2021-03-02 09:23:56,087 [BombeRLeWorld] WARNING: Agent <rule_based_agent_1> stayed within acceptable think time.
2021-03-02 09:23:56,088 [BombeRLeWorld] INFO: Agent <rule_based_agent_3> chose action UP in 0.01s.
2021-03-02 09:23:56,088 [BombeRLeWorld] WARNING: Agent <rule_based_agent_3> stayed within acceptable think time.
2021-03-02 09:23:56,088 [BombeRLeWorld] INFO: Agent <rule_based_agent_2> chose action DOWN in 0.01s.
2021-03-02 09:23:56,088 [BombeRLeWorld] WARNING: Agent <rule_based_agent_2> stayed within acceptable think time.
2021-03-02 09:23:56,088 [BombeRLeWorld] INFO: Agent <rule_based_agent_0> chose action UP in 0.01s.
2021-03-02 09:23:56,088 [BombeRLeWorld] WARNING: Agent <rule_based_agent_0> stayed within acceptable think time.
2021-03-02 09:23:56,098 [BombeRLeWorld] INFO: WRAPPING UP ROUND #1
2021-03-02 09:23:56,099 [BombeRLeWorld] INFO: SHUT DOWN
